2018-11-09 10:00:53,882 INFO  [org.alfresco.repo.admin] [localhost-startStop-1] Using database URL 'jdbc:h2:C:\Users\nstojanovic\Documents\AlfrescoProjects\my-all-in-one/alf_data_dev/h2_data/alf_dev;AUTO_SERVER=TRUE;DB_CLOSE_ON_EXIT=FALSE;LOCK_TIMEOUT=10000;MVCC=FALSE;LOCK_MODE=0' with user 'alfresco'.
2018-11-09 10:00:53,884 INFO  [org.alfresco.repo.admin] [localhost-startStop-1] Connected to database H2 version 1.4.190 (2015-10-11)
2018-11-09 10:00:56,975 INFO  [org.alfresco.repo.domain.schema.SchemaBootstrap] [localhost-startStop-1] Ignoring script patch (post-Hibernate): patch.db-V4.2-metadata-query-indexes
2018-11-09 10:00:56,976 INFO  [org.alfresco.repo.domain.schema.SchemaBootstrap] [localhost-startStop-1] Ignoring script patch (post-Hibernate): patch.db-V5.1-metadata-query-indexes
2018-11-09 10:00:56,976 INFO  [org.alfresco.repo.domain.schema.SchemaBootstrap] [localhost-startStop-1] Ignoring script patch (post-Hibernate): patch.db-V5.2-remove-jbpm-tables-from-db
2018-11-09 10:01:00,863 INFO  [org.alfresco.repo.management.subsystems.ChildApplicationContextFactory] [localhost-startStop-1] Starting 'Authentication' subsystem, ID: [Authentication, managed, alfrescoNtlm1]
2018-11-09 10:01:00,982 INFO  [org.alfresco.repo.management.subsystems.ChildApplicationContextFactory] [localhost-startStop-1] Startup of 'Authentication' subsystem, ID: [Authentication, managed, alfrescoNtlm1] complete
2018-11-09 10:01:02,666 INFO  [org.springframework.extensions.webscripts.TemplateProcessorRegistry] [localhost-startStop-1] Registered template processor Repository Template Processor for extension ftl
2018-11-09 10:01:02,668 INFO  [org.springframework.extensions.webscripts.ScriptProcessorRegistry] [localhost-startStop-1] Registered script processor Repository Script Processor for extension js
2018-11-09 10:01:04,392 INFO  [org.alfresco.repo.management.subsystems.ChildApplicationContextFactory] [localhost-startStop-1] Starting 'ContentStore' subsystem, ID: [ContentStore, managed, unencrypted]
2018-11-09 10:01:04,419 INFO  [org.alfresco.repo.management.subsystems.ChildApplicationContextFactory] [localhost-startStop-1] Startup of 'ContentStore' subsystem, ID: [ContentStore, managed, unencrypted] complete
2018-11-09 10:01:04,432 INFO  [org.alfresco.repo.domain.schema.SchemaBootstrap] [localhost-startStop-1] Connecting to database: jdbc:h2:C:\Users\nstojanovic\Documents\AlfrescoProjects\my-all-in-one/alf_data_dev/h2_data/alf_dev, UserName=ALFRESCO, H2 JDBC Driver
2018-11-09 10:01:04,432 INFO  [org.alfresco.repo.domain.schema.SchemaBootstrap] [localhost-startStop-1] Schema managed by database dialect org.hibernate.dialect.H2Dialect.
2018-11-09 10:01:04,482 INFO  [org.alfresco.repo.domain.schema.SchemaBootstrap] [localhost-startStop-1] No changes were made to the schema.
2018-11-09 10:01:04,957 INFO  [org.alfresco.repo.management.subsystems.ChildApplicationContextFactory] [localhost-startStop-1] Starting 'thirdparty' subsystem, ID: [thirdparty, default]
2018-11-09 10:01:04,994 ERROR [org.alfresco.repo.content.transform.magick.AbstractImageMagickContentTransformerWorker] [localhost-startStop-1] ImageMagickContentTransformerWorker not available: 10090016 Failed to perform ImageMagick transformation: 
Execution result: 
   os:         Windows 10
   command:    ./ImageMagick/bin/convert C:\Users\NSTOJA~1\AppData\Local\Temp\Alfresco\ImageMagickContentTransformerWorker_init_source_5789313968032758847.gif -strip C:\Users\NSTOJA~1\AppData\Local\Temp\Alfresco\ImageMagickContentTransformerWorker_init_target_6883752927740331291.png
   succeeded:  false
   exit code:  1
   out:        
   err:        Cannot run program "./ImageMagick/bin/convert": CreateProcess error=2, The system cannot find the file specified
2018-11-09 10:01:04,994 INFO  [org.alfresco.repo.management.subsystems.ChildApplicationContextFactory] [localhost-startStop-1] Startup of 'thirdparty' subsystem, ID: [thirdparty, default] complete
2018-11-09 10:01:04,995 INFO  [org.alfresco.repo.management.subsystems.ChildApplicationContextFactory] [localhost-startStop-1] Starting 'OOoDirect' subsystem, ID: [OOoDirect, default]
2018-11-09 10:01:05,156 ERROR [org.alfresco.util.exec.RuntimeExecBootstrapBean] [localhost-startStop-1] Bootstrap command failed: 
Execution result: 
   os:         Windows 10
   command:    soffice -accept=socket,host=127.0.0.1,port=8100;urp;StarOffice.ServiceManager -env:UserInstallation=file:///C:/Users/nstojanovic/Documents/AlfrescoProjects/my-all-in-one/alf_data_dev/oouser -headless -nocrashreport -nofirststartwizard -nologo -norestore
   succeeded:  false
   exit code:  2
   out:        
   err:        Cannot run program "soffice": CreateProcess error=2, The system cannot find the file specified
2018-11-09 10:01:07,192 WARN  [org.alfresco.util.OpenOfficeConnectionTester] [localhost-startStop-1] An initial OpenOffice connection could not be established.
2018-11-09 10:01:07,196 INFO  [org.alfresco.repo.management.subsystems.ChildApplicationContextFactory] [localhost-startStop-1] Startup of 'OOoDirect' subsystem, ID: [OOoDirect, default] complete
2018-11-09 10:01:07,201 INFO  [org.alfresco.repo.admin.ConfigurationChecker] [localhost-startStop-1] The root data directory ('dir.root') is: C:\Users\nstojanovic\Documents\AlfrescoProjects\my-all-in-one\alf_data_dev
2018-11-09 10:01:07,203 INFO  [org.alfresco.repo.management.subsystems.ChildApplicationContextFactory] [localhost-startStop-1] Starting 'Search' subsystem, ID: [Search, managed, solr4]
2018-11-09 10:01:07,373 INFO  [org.alfresco.repo.management.subsystems.ChildApplicationContextFactory] [localhost-startStop-1] Startup of 'Search' subsystem, ID: [Search, managed, solr4] complete
2018-11-09 10:01:07,384 INFO  [org.alfresco.repo.admin.patch.PatchExecuter] [localhost-startStop-1] Checking for patches to apply ...
2018-11-09 10:01:07,483 INFO  [org.alfresco.repo.admin.patch.PatchExecuter] [localhost-startStop-1] No patches were required.
2018-11-09 10:01:07,498 INFO  [org.alfresco.repo.module.ModuleServiceImpl] [localhost-startStop-1] Found 3 module package(s).
2018-11-09 10:01:07,513 INFO  [org.alfresco.repo.module.ModuleServiceImpl] [localhost-startStop-1] Starting module 'my-all-in-one-platform-jar' version 1.0-SNAPSHOT.
2018-11-09 10:01:07,545 INFO  [org.alfresco.repo.module.ModuleServiceImpl] [localhost-startStop-1] Starting module 'alfresco-share-services' version 5.2.0.
2018-11-09 10:01:07,552 INFO  [org.alfresco.repo.module.ModuleServiceImpl] [localhost-startStop-1] Starting module 'alfresco-trashcan-cleaner' version 2.2.
2018-11-09 10:01:07,556 INFO  [org.alfresco.repo.management.subsystems.ChildApplicationContextFactory] [localhost-startStop-1] Starting 'fileServers' subsystem, ID: [fileServers, default]
2018-11-09 10:01:07,786 INFO  [org.alfresco.repo.management.subsystems.ChildApplicationContextFactory] [localhost-startStop-1] Starting 'sysAdmin' subsystem, ID: [sysAdmin, default]
2018-11-09 10:01:07,802 INFO  [org.alfresco.repo.management.subsystems.ChildApplicationContextFactory] [localhost-startStop-1] Startup of 'sysAdmin' subsystem, ID: [sysAdmin, default] complete
2018-11-09 10:01:07,813 INFO  [org.alfresco.repo.management.subsystems.ChildApplicationContextFactory] [localhost-startStop-1] Startup of 'fileServers' subsystem, ID: [fileServers, default] complete
2018-11-09 10:01:07,813 INFO  [org.alfresco.repo.management.subsystems.ChildApplicationContextFactory] [localhost-startStop-1] Starting 'imap' subsystem, ID: [imap, default]
2018-11-09 10:01:07,884 INFO  [org.alfresco.repo.management.subsystems.ChildApplicationContextFactory] [localhost-startStop-1] Startup of 'imap' subsystem, ID: [imap, default] complete
2018-11-09 10:01:07,884 INFO  [org.alfresco.repo.management.subsystems.ChildApplicationContextFactory] [localhost-startStop-1] Starting 'email' subsystem, ID: [email, outbound]
2018-11-09 10:01:08,124 INFO  [org.alfresco.repo.management.subsystems.ChildApplicationContextFactory] [localhost-startStop-1] Startup of 'email' subsystem, ID: [email, outbound] complete
2018-11-09 10:01:08,124 INFO  [org.alfresco.repo.management.subsystems.ChildApplicationContextFactory] [localhost-startStop-1] Starting 'email' subsystem, ID: [email, inbound]
2018-11-09 10:01:08,167 INFO  [org.alfresco.repo.management.subsystems.ChildApplicationContextFactory] [localhost-startStop-1] Startup of 'email' subsystem, ID: [email, inbound] complete
2018-11-09 10:01:08,167 INFO  [org.alfresco.repo.management.subsystems.ChildApplicationContextFactory] [localhost-startStop-1] Starting 'Subscriptions' subsystem, ID: [Subscriptions, default]
2018-11-09 10:01:08,183 INFO  [org.alfresco.repo.management.subsystems.ChildApplicationContextFactory] [localhost-startStop-1] Startup of 'Subscriptions' subsystem, ID: [Subscriptions, default] complete
2018-11-09 10:01:08,197 INFO  [org.alfresco.repo.management.subsystems.ChildApplicationContextFactory] [localhost-startStop-1] Starting 'Synchronization' subsystem, ID: [Synchronization, default]
2018-11-09 10:01:08,260 INFO  [org.alfresco.repo.management.subsystems.ChildApplicationContextFactory] [localhost-startStop-1] Startup of 'Synchronization' subsystem, ID: [Synchronization, default] complete
2018-11-09 10:01:08,270 INFO  [org.alfresco.service.descriptor.DescriptorService] [localhost-startStop-1] Alfresco JVM - v1.8.0_192-b12; maximum heap size 3627.000MB
2018-11-09 10:01:08,270 INFO  [org.alfresco.service.descriptor.DescriptorService] [localhost-startStop-1] Server Mode :UNKNOWN
2018-11-09 10:01:08,273 INFO  [org.alfresco.service.descriptor.DescriptorService] [localhost-startStop-1] Alfresco Content Services started (Community). Current version: 5.2.0 (r135134-b14) schema 10,005. Originally installed version: 5.2.0 (r135134-b14) schema 10,005.
2018-11-09 10:01:08,278 INFO  [org.alfresco.repo.management.subsystems.ChildApplicationContextFactory] [localhost-startStop-1] Starting 'ActivitiesFeed' subsystem, ID: [ActivitiesFeed, default]
2018-11-09 10:01:08,424 INFO  [org.alfresco.repo.management.subsystems.ChildApplicationContextFactory] [localhost-startStop-1] Startup of 'ActivitiesFeed' subsystem, ID: [ActivitiesFeed, default] complete
2018-11-09 10:01:08,425 INFO  [org.alfresco.repo.management.subsystems.ChildApplicationContextFactory] [localhost-startStop-1] Starting 'Replication' subsystem, ID: [Replication, default]
2018-11-09 10:01:08,439 INFO  [org.alfresco.repo.management.subsystems.ChildApplicationContextFactory] [localhost-startStop-1] Startup of 'Replication' subsystem, ID: [Replication, default] complete
2018-11-09 10:01:11,907 INFO  [org.springframework.extensions.webscripts.DeclarativeRegistry] [asynchronouslyRefreshedCacheThreadPool1] Registered 401 Web Scripts (+0 failed), 550 URLs
2018-11-09 10:01:11,909 INFO  [org.springframework.extensions.webscripts.DeclarativeRegistry] [asynchronouslyRefreshedCacheThreadPool1] Registered 1 Package Description Documents (+0 failed) 
2018-11-09 10:01:11,909 INFO  [org.springframework.extensions.webscripts.DeclarativeRegistry] [asynchronouslyRefreshedCacheThreadPool1] Registered 0 Schema Description Documents (+0 failed) 
2018-11-09 10:01:13,418 INFO  [org.springframework.extensions.webscripts.DeclarativeRegistry] [localhost-startStop-1] Registered 401 Web Scripts (+0 failed), 550 URLs
2018-11-09 10:01:13,419 INFO  [org.springframework.extensions.webscripts.DeclarativeRegistry] [localhost-startStop-1] Registered 1 Package Description Documents (+0 failed) 
2018-11-09 10:01:13,419 INFO  [org.springframework.extensions.webscripts.DeclarativeRegistry] [localhost-startStop-1] Registered 0 Schema Description Documents (+0 failed) 
2018-11-09 10:01:13,424 INFO  [org.springframework.extensions.webscripts.AbstractRuntimeContainer] [localhost-startStop-1] Initialised Repository Web Script Container (in 4305.598ms)
2018-11-09 10:01:13,436 INFO  [org.springframework.extensions.webscripts.TemplateProcessorRegistry] [localhost-startStop-1] Registered template processor freemarker for extension ftl
2018-11-09 10:01:13,438 INFO  [org.springframework.extensions.webscripts.ScriptProcessorRegistry] [localhost-startStop-1] Registered script processor javascript for extension js
2018-11-09 10:01:14,827 INFO  [org.springframework.extensions.webscripts.DeclarativeRegistry] [asynchronouslyRefreshedCacheThreadPool1] Registered 401 Web Scripts (+0 failed), 550 URLs
2018-11-09 10:01:14,827 INFO  [org.springframework.extensions.webscripts.DeclarativeRegistry] [asynchronouslyRefreshedCacheThreadPool1] Registered 1 Package Description Documents (+0 failed) 
2018-11-09 10:01:14,827 INFO  [org.springframework.extensions.webscripts.DeclarativeRegistry] [asynchronouslyRefreshedCacheThreadPool1] Registered 0 Schema Description Documents (+0 failed) 
2018-11-09 10:01:14,898 INFO  [org.springframework.extensions.webscripts.DeclarativeRegistry] [asynchronouslyRefreshedCacheThreadPool1] Registered 13 Web Scripts (+0 failed), 102 URLs
2018-11-09 10:01:14,898 INFO  [org.springframework.extensions.webscripts.DeclarativeRegistry] [asynchronouslyRefreshedCacheThreadPool1] Registered 0 Package Description Documents (+0 failed) 
2018-11-09 10:01:14,898 INFO  [org.springframework.extensions.webscripts.DeclarativeRegistry] [asynchronouslyRefreshedCacheThreadPool1] Registered 0 Schema Description Documents (+0 failed) 
2018-11-09 10:01:15,009 INFO  [org.springframework.extensions.webscripts.DeclarativeRegistry] [localhost-startStop-1] Registered 13 Web Scripts (+0 failed), 102 URLs
2018-11-09 10:01:15,009 INFO  [org.springframework.extensions.webscripts.DeclarativeRegistry] [localhost-startStop-1] Registered 0 Package Description Documents (+0 failed) 
2018-11-09 10:01:15,009 INFO  [org.springframework.extensions.webscripts.DeclarativeRegistry] [localhost-startStop-1] Registered 0 Schema Description Documents (+0 failed) 
2018-11-09 10:01:15,014 INFO  [org.springframework.extensions.webscripts.AbstractRuntimeContainer] [localhost-startStop-1] Initialised Public Api Web Script Container (in 1545.1931ms)
2018-11-09 10:01:15,062 INFO  [org.springframework.extensions.webscripts.DeclarativeRegistry] [asynchronouslyRefreshedCacheThreadPool1] Registered 13 Web Scripts (+0 failed), 102 URLs
2018-11-09 10:01:15,062 INFO  [org.springframework.extensions.webscripts.DeclarativeRegistry] [asynchronouslyRefreshedCacheThreadPool1] Registered 0 Package Description Documents (+0 failed) 
2018-11-09 10:01:15,063 INFO  [org.springframework.extensions.webscripts.DeclarativeRegistry] [asynchronouslyRefreshedCacheThreadPool1] Registered 0 Schema Description Documents (+0 failed) 
